---------------------------------------------------------------
[ 2017-11-30T14:32:54+08:00 ] 127.0.0.1 127.0.0.1 GET /weixin/public/index.php/wechat/wechat/wechat
[ info ] localhost/weixin/public/index.php/wechat/wechat/wechat [运行时间：0.122007s][吞吐率：8.20req/s] [内存消耗：1,385.66kb] [文件加载：42]
[ info ] [ LANG ] D:\phpStudy\WWW\weixin\thinkphp\lang\zh-cn.php
[ info ] [ ROUTE ] array (
  'type' => 'module',
  'module' => 
  array (
    0 => 'wechat',
    1 => 'wechat',
    2 => 'wechat',
  ),
)
[ info ] [ HEADER ] array (
  'cookie' => 'pgv_pvi=8205588480; C9lbI0_admin_username=admin; Hm_lvt_080836300300be57b7f34f4b3e97d911=1510892079,1511510731,1511749974; dolphin_home_uid=1; dolphin_home_signin_token=40cacf6b454820c009a5fbae0a72eea472183979; admin_username=admin; PHPSESSID=5f6nsh7v8h2pkr0o07am4vmd65; dolphin_home___forward__=%2Fgithub%2Fadmin%2Fadmin.php%2Fuser%2Findex%2Findex.html; pgv_si=s110512128',
  'accept-language' => 'zh-CN,zh;q=0.8',
  'accept-encoding' => 'gzip, deflate, sdch, br',
  'accept' => 'text/html,application/xhtml+xml,application/xml;q=0.9,image/webp,*/*;q=0.8',
  'user-agent' => 'Mozilla/5.0 (Windows NT 6.1; WOW64) AppleWebKit/537.36 (KHTML, like Gecko) Chrome/58.0.3029.110 Safari/537.36',
  'upgrade-insecure-requests' => '1',
  'cache-control' => 'max-age=0',
  'connection' => 'keep-alive',
  'host' => 'localhost',
  'content-length' => '',
  'content-type' => '',
)
[ info ] [ PARAM ] array (
)
[ info ] [ BEHAVIOR ] Run app\common\behavior\WeConf @app_begin [ RunTime:0.000000s ]
[ info ] [ BEHAVIOR ] Run app\common\behavior\WeMenuConf @app_begin [ RunTime:0.001000s ]
[ info ] [ RUN ] app\wechat\Controller\Wechat->wechat[ D:\phpStudy\WWW\weixin\application\wechat\controller\Wechat.php ]
[ info ] [ LOG ] INIT File
[ error ] [8]未定义数组索引: echostr[D:\phpStudy\WWW\weixin\application\wechat\controller\Wechat.php:36]
---------------------------------------------------------------
[ 2017-11-30T14:33:00+08:00 ] 127.0.0.1 127.0.0.1 GET /weixin/public/index.php/wechat/index
[ info ] localhost/weixin/public/index.php/wechat/index [运行时间：0.035002s][吞吐率：28.57req/s] [内存消耗：1,297.76kb] [文件加载：38]
[ info ] [ LANG ] D:\phpStudy\WWW\weixin\thinkphp\lang\zh-cn.php
[ info ] [ ROUTE ] array (
  'type' => 'module',
  'module' => 
  array (
    0 => 'wechat',
    1 => 'index',
    2 => NULL,
  ),
)
[ info ] [ HEADER ] array (
  'cookie' => 'pgv_pvi=8205588480; C9lbI0_admin_username=admin; Hm_lvt_080836300300be57b7f34f4b3e97d911=1510892079,1511510731,1511749974; dolphin_home_uid=1; dolphin_home_signin_token=40cacf6b454820c009a5fbae0a72eea472183979; admin_username=admin; PHPSESSID=5f6nsh7v8h2pkr0o07am4vmd65; dolphin_home___forward__=%2Fgithub%2Fadmin%2Fadmin.php%2Fuser%2Findex%2Findex.html; pgv_si=s110512128',
  'accept-language' => 'zh-CN,zh;q=0.8',
  'accept-encoding' => 'gzip, deflate, sdch, br',
  'accept' => 'text/html,application/xhtml+xml,application/xml;q=0.9,image/webp,*/*;q=0.8',
  'user-agent' => 'Mozilla/5.0 (Windows NT 6.1; WOW64) AppleWebKit/537.36 (KHTML, like Gecko) Chrome/58.0.3029.110 Safari/537.36',
  'upgrade-insecure-requests' => '1',
  'cache-control' => 'max-age=0',
  'connection' => 'keep-alive',
  'host' => 'localhost',
  'content-length' => '',
  'content-type' => '',
)
[ info ] [ PARAM ] array (
)
[ info ] [ BEHAVIOR ] Run app\common\behavior\WeConf @app_begin [ RunTime:0.000000s ]
[ info ] [ BEHAVIOR ] Run app\common\behavior\WeMenuConf @app_begin [ RunTime:0.001000s ]
[ info ] [ RUN ] app\wechat\Controller\Index->index[ D:\phpStudy\WWW\weixin\application\wechat\controller\Index.php ]
[ info ] [ LOG ] INIT File
---------------------------------------------------------------
[ 2017-11-30T14:33:01+08:00 ] 127.0.0.1 127.0.0.1 GET /weixin/public/index.php/wechat/index
[ info ] localhost/weixin/public/index.php/wechat/index [运行时间：0.018001s][吞吐率：55.55req/s] [内存消耗：1,297.76kb] [文件加载：38]
[ info ] [ LANG ] D:\phpStudy\WWW\weixin\thinkphp\lang\zh-cn.php
[ info ] [ ROUTE ] array (
  'type' => 'module',
  'module' => 
  array (
    0 => 'wechat',
    1 => 'index',
    2 => NULL,
  ),
)
[ info ] [ HEADER ] array (
  'cookie' => 'pgv_pvi=8205588480; C9lbI0_admin_username=admin; Hm_lvt_080836300300be57b7f34f4b3e97d911=1510892079,1511510731,1511749974; dolphin_home_uid=1; dolphin_home_signin_token=40cacf6b454820c009a5fbae0a72eea472183979; admin_username=admin; PHPSESSID=5f6nsh7v8h2pkr0o07am4vmd65; dolphin_home___forward__=%2Fgithub%2Fadmin%2Fadmin.php%2Fuser%2Findex%2Findex.html; pgv_si=s110512128',
  'accept-language' => 'zh-CN,zh;q=0.8',
  'accept-encoding' => 'gzip, deflate, sdch, br',
  'accept' => 'text/html,application/xhtml+xml,application/xml;q=0.9,image/webp,*/*;q=0.8',
  'user-agent' => 'Mozilla/5.0 (Windows NT 6.1; WOW64) AppleWebKit/537.36 (KHTML, like Gecko) Chrome/58.0.3029.110 Safari/537.36',
  'upgrade-insecure-requests' => '1',
  'cache-control' => 'max-age=0',
  'connection' => 'keep-alive',
  'host' => 'localhost',
  'content-length' => '',
  'content-type' => '',
)
[ info ] [ PARAM ] array (
)
[ info ] [ BEHAVIOR ] Run app\common\behavior\WeConf @app_begin [ RunTime:0.000000s ]
[ info ] [ BEHAVIOR ] Run app\common\behavior\WeMenuConf @app_begin [ RunTime:0.000000s ]
[ info ] [ RUN ] app\wechat\Controller\Index->index[ D:\phpStudy\WWW\weixin\application\wechat\controller\Index.php ]
[ info ] [ LOG ] INIT File
---------------------------------------------------------------
[ 2017-11-30T14:33:02+08:00 ] 127.0.0.1 127.0.0.1 GET /weixin/public/index.php/wechat/index
[ info ] localhost/weixin/public/index.php/wechat/index [运行时间：0.027002s][吞吐率：37.03req/s] [内存消耗：1,297.76kb] [文件加载：38]
[ info ] [ LANG ] D:\phpStudy\WWW\weixin\thinkphp\lang\zh-cn.php
[ info ] [ ROUTE ] array (
  'type' => 'module',
  'module' => 
  array (
    0 => 'wechat',
    1 => 'index',
    2 => NULL,
  ),
)
[ info ] [ HEADER ] array (
  'cookie' => 'pgv_pvi=8205588480; C9lbI0_admin_username=admin; Hm_lvt_080836300300be57b7f34f4b3e97d911=1510892079,1511510731,1511749974; dolphin_home_uid=1; dolphin_home_signin_token=40cacf6b454820c009a5fbae0a72eea472183979; admin_username=admin; PHPSESSID=5f6nsh7v8h2pkr0o07am4vmd65; dolphin_home___forward__=%2Fgithub%2Fadmin%2Fadmin.php%2Fuser%2Findex%2Findex.html; pgv_si=s110512128',
  'accept-language' => 'zh-CN,zh;q=0.8',
  'accept-encoding' => 'gzip, deflate, sdch, br',
  'accept' => 'text/html,application/xhtml+xml,application/xml;q=0.9,image/webp,*/*;q=0.8',
  'user-agent' => 'Mozilla/5.0 (Windows NT 6.1; WOW64) AppleWebKit/537.36 (KHTML, like Gecko) Chrome/58.0.3029.110 Safari/537.36',
  'upgrade-insecure-requests' => '1',
  'cache-control' => 'max-age=0',
  'connection' => 'keep-alive',
  'host' => 'localhost',
  'content-length' => '',
  'content-type' => '',
)
[ info ] [ PARAM ] array (
)
[ info ] [ BEHAVIOR ] Run app\common\behavior\WeConf @app_begin [ RunTime:0.001001s ]
[ info ] [ BEHAVIOR ] Run app\common\behavior\WeMenuConf @app_begin [ RunTime:0.000000s ]
[ info ] [ RUN ] app\wechat\Controller\Index->index[ D:\phpStudy\WWW\weixin\application\wechat\controller\Index.php ]
[ info ] [ LOG ] INIT File
---------------------------------------------------------------
[ 2017-11-30T15:12:09+08:00 ] 127.0.0.1 127.0.0.1 GET /weixin/public/index.php/wechat/index
[ info ] localhost/weixin/public/index.php/wechat/index [运行时间：0.108006s][吞吐率：9.26req/s] [内存消耗：1,297.76kb] [文件加载：38]
[ info ] [ LANG ] D:\phpStudy\WWW\weixin\thinkphp\lang\zh-cn.php
[ info ] [ ROUTE ] array (
  'type' => 'module',
  'module' => 
  array (
    0 => 'wechat',
    1 => 'index',
    2 => NULL,
  ),
)
[ info ] [ HEADER ] array (
  'cookie' => 'pgv_pvi=8205588480; C9lbI0_admin_username=admin; Hm_lvt_080836300300be57b7f34f4b3e97d911=1510892079,1511510731,1511749974; dolphin_home_uid=1; dolphin_home_signin_token=40cacf6b454820c009a5fbae0a72eea472183979; admin_username=admin; PHPSESSID=5f6nsh7v8h2pkr0o07am4vmd65; pgv_si=s110512128; dolphin_home___forward__=%2Fgithub%2Fadmin%2Fadmin.php%2Fuser%2Findex%2Findex.html; username=admin',
  'accept-language' => 'zh-CN,zh;q=0.8',
  'accept-encoding' => 'gzip, deflate, sdch, br',
  'accept' => 'text/html,application/xhtml+xml,application/xml;q=0.9,image/webp,*/*;q=0.8',
  'user-agent' => 'Mozilla/5.0 (Windows NT 6.1; WOW64) AppleWebKit/537.36 (KHTML, like Gecko) Chrome/58.0.3029.110 Safari/537.36',
  'upgrade-insecure-requests' => '1',
  'cache-control' => 'max-age=0',
  'connection' => 'keep-alive',
  'host' => 'localhost',
  'content-length' => '',
  'content-type' => '',
)
[ info ] [ PARAM ] array (
)
[ info ] [ BEHAVIOR ] Run app\common\behavior\WeConf @app_begin [ RunTime:0.000000s ]
[ info ] [ BEHAVIOR ] Run app\common\behavior\WeMenuConf @app_begin [ RunTime:0.000000s ]
[ info ] [ RUN ] app\wechat\Controller\Index->index[ D:\phpStudy\WWW\weixin\application\wechat\controller\Index.php ]
[ info ] [ LOG ] INIT File
